C:\USERS\RON\DESKTOP\SCHED\SCHED\DEBUG\MAIN.OBJ
C:\USERS\RON\DESKTOP\SCHED\SCHED\DEBUG\SCHEDULER.OBJ
C:\USERS\RON\DESKTOP\SCHED\SCHED\DEBUG\VC110.PDB
C:\USERS\RON\DESKTOP\SCHED\DEBUG\SCHED.ILK
C:\USERS\RON\DESKTOP\SCHED\DEBUG\SCHED.EXE
C:\USERS\RON\DESKTOP\SCHED\DEBUG\SCHED.PDB
C:\Users\Ron\Desktop\Sched\Sched\Debug\main.obj
C:\Users\Ron\Desktop\Sched\Sched\Debug\Scheduler.obj
C:\Users\Ron\Desktop\Sched\Sched\Debug\cl.command.1.tlog
C:\Users\Ron\Desktop\Sched\Sched\Debug\CL.read.1.tlog
C:\Users\Ron\Desktop\Sched\Sched\Debug\CL.write.1.tlog
C:\Users\Ron\Desktop\Sched\Sched\Debug\link-cvtres.read.1.tlog
C:\Users\Ron\Desktop\Sched\Sched\Debug\link-cvtres.write.1.tlog
C:\Users\Ron\Desktop\Sched\Sched\Debug\link-rc.read.1.tlog
C:\Users\Ron\Desktop\Sched\Sched\Debug\link-rc.write.1.tlog
C:\Users\Ron\Desktop\Sched\Sched\Debug\link.5496-cvtres.read.1.tlog
C:\Users\Ron\Desktop\Sched\Sched\Debug\link.5496-cvtres.write.1.tlog
C:\Users\Ron\Desktop\Sched\Sched\Debug\link.5496-rc.read.1.tlog
C:\Users\Ron\Desktop\Sched\Sched\Debug\link.5496-rc.write.1.tlog
C:\Users\Ron\Desktop\Sched\Sched\Debug\link.5496.read.1.tlog
C:\Users\Ron\Desktop\Sched\Sched\Debug\link.5496.write.1.tlog
C:\Users\Ron\Desktop\Sched\Sched\Debug\link.command.1.tlog
C:\Users\Ron\Desktop\Sched\Sched\Debug\link.read.1.tlog
C:\Users\Ron\Desktop\Sched\Sched\Debug\link.write.1.tlog
C:\Users\Ron\Desktop\Sched\Sched\Debug\vc110.idb
C:\Users\Ron\Desktop\Sched\Sched\Debug\vc110.pdb
C:\Users\Ron\Desktop\Sched\Debug\Sched.pdb
C:\Users\Ron\Desktop\Sched\Debug\Sched.exe
C:\Users\Ron\Desktop\Sched\Debug\Sched.ilk
